\BOOKMARK [0][-]{table.0.1}{Introducci\363n}{}% 1
\BOOKMARK [0][-]{table.0.1}{Justificaci\363n}{}% 2
\BOOKMARK [0][-]{table.0.1}{Objetivos}{}% 3
\BOOKMARK [1][-]{section.0.1}{Objetivo General}{table.0.1}% 4
\BOOKMARK [1][-]{section.0.2}{Objetivos Espec\355ficos}{table.0.1}% 5
\BOOKMARK [0][-]{chapter.1}{Antecedentes}{}% 6
\BOOKMARK [1][-]{section.1.1}{Tendencias en Turismo}{chapter.1}% 7
\BOOKMARK [1][-]{section.1.2}{Sistemas Existentes}{chapter.1}% 8
\BOOKMARK [1][-]{section.1.3}{El fen\363meno del turismo}{chapter.1}% 9
\BOOKMARK [1][-]{section.1.4}{Servicios Tur\355sticos}{chapter.1}% 10
\BOOKMARK [1][-]{section.1.5}{Problem\341tica}{chapter.1}% 11
\BOOKMARK [1][-]{section.1.6}{Propuesta de Soluci\363n}{chapter.1}% 12
\BOOKMARK [0][-]{chapter.2}{Propuesta de Soluci\363n}{}% 13
\BOOKMARK [1][-]{section.2.1}{Arquitectura de Soluci\363n}{chapter.2}% 14
\BOOKMARK [1][-]{section.2.2}{M\363dulos}{chapter.2}% 15
\BOOKMARK [1][-]{section.2.3}{Metodolog\355a}{chapter.2}% 16
\BOOKMARK [1][-]{section.2.4}{An\341lisis de Viabilidad}{chapter.2}% 17
\BOOKMARK [2][-]{subsection.2.4.1}{Econ\363mico}{section.2.4}% 18
\BOOKMARK [2][-]{subsection.2.4.2}{T\351cnico}{section.2.4}% 19
\BOOKMARK [2][-]{subsection.2.4.3}{Legal}{section.2.4}% 20
\BOOKMARK [1][-]{section.2.5}{Caracter\355sticas}{chapter.2}% 21
\BOOKMARK [0][-]{chapter.3}{An\341lisis de la Soluci\363n}{}% 22
\BOOKMARK [1][-]{section.3.1}{An\341lisis de requerimientos}{chapter.3}% 23
\BOOKMARK [2][-]{subsection.3.1.1}{Funcionales}{section.3.1}% 24
\BOOKMARK [2][-]{subsection.3.1.2}{No funcionales}{section.3.1}% 25
\BOOKMARK [0][-]{chapter.4}{Modelo del Alcance}{}% 26
\BOOKMARK [1][-]{section.4.1}{Modelado de Usuarios}{chapter.4}% 27
\BOOKMARK [2][-]{subsection.4.1.1}{Organigrama de la Empresa}{section.4.1}% 28
\BOOKMARK [2][-]{subsection.4.1.2}{Gerente de Ventas}{section.4.1}% 29
\BOOKMARK [2][-]{subsection.4.1.3}{Agente de Ventas}{section.4.1}% 30
\BOOKMARK [1][-]{section.4.2}{Requerimientos de usuario}{chapter.4}% 31
\BOOKMARK [1][-]{section.4.3}{Especificaci\363n de plataforma}{chapter.4}% 32
\BOOKMARK [0][-]{chapter.5}{Modelo del Negocio}{}% 33
\BOOKMARK [1][-]{section.5.1}{Contexto}{chapter.5}% 34
\BOOKMARK [1][-]{section.5.2}{T\351rminos del Negocio}{chapter.5}% 35
\BOOKMARK [1][-]{section.5.3}{Modelo del dominio del problema}{chapter.5}% 36
\BOOKMARK [2][-]{subsection.5.3.1}{Modelo del dominio del problema}{section.5.3}% 37
\BOOKMARK [2][-]{subsection.5.3.2}{Entidad: Alumno}{section.5.3}% 38
\BOOKMARK [2][-]{subsection.5.3.3}{Entidad: Alumno Extranjero}{section.5.3}% 39
\BOOKMARK [1][-]{section.5.4}{Modelado de Reglas de negocio}{chapter.5}% 40
\BOOKMARK [1][-]{section.5.5}{Modelo de Procesos AS-IS}{chapter.5}% 41
\BOOKMARK [2][-]{subsection.5.5.1}{PROC-01 An\341lisis de requerimientos}{section.5.5}% 42
\BOOKMARK [2][-]{subsection.5.5.2}{PROC-02 ...}{section.5.5}% 43
\BOOKMARK [1][-]{section.5.6}{Modelo de procesos TO-BE}{chapter.5}% 44
\BOOKMARK [2][-]{subsection.5.6.1}{PROCM-01 ...}{section.5.6}% 45
\BOOKMARK [0][-]{chapter.6}{Modelo din\341mico}{}% 46
\BOOKMARK [1][-]{section.6.1}{Descripci\363n de actores}{chapter.6}% 47
\BOOKMARK [2][-]{subsection.6.1.1}{Gerente de Operaciones}{section.6.1}% 48
\BOOKMARK [1][-]{section.6.2}{CU17 Inscribir a Seminario}{chapter.6}% 49
\BOOKMARK [2][-]{subsection.6.2.1}{Descripci\363n completa}{section.6.2}% 50
\BOOKMARK [2][-]{subsection.6.2.2}{Atributos importantes}{section.6.2}% 51
\BOOKMARK [2][-]{subsection.6.2.3}{Trayectorias del Caso de Uso}{section.6.2}% 52
\BOOKMARK [2][-]{subsection.6.2.4}{Puntos de extensi\363n}{section.6.2}% 53
\BOOKMARK [0][-]{chapter.7}{Modelo de la interacci\363n}{}% 54
\BOOKMARK [1][-]{section.7.1}{Modelo de navegaci\363n}{chapter.7}% 55
\BOOKMARK [1][-]{section.7.2}{IU23 Pantalla de Control de Acceso}{chapter.7}% 56
\BOOKMARK [2][-]{subsection.7.2.1}{Objetivo}{section.7.2}% 57
\BOOKMARK [2][-]{subsection.7.2.2}{Dise\361o}{section.7.2}% 58
\BOOKMARK [2][-]{subsection.7.2.3}{Salidas}{section.7.2}% 59
\BOOKMARK [2][-]{subsection.7.2.4}{Entradas}{section.7.2}% 60
\BOOKMARK [2][-]{subsection.7.2.5}{Comandos}{section.7.2}% 61
\BOOKMARK [2][-]{subsection.7.2.6}{Mensajes}{section.7.2}% 62
